# JRE version: 7.0_09-b05
# Java VM: Java HotSpot(TM) Server VM (23.5-b02 mixed mode windows-x86 )
Heap
 PSYoungGen      total 24704K, used 7355K [0x3e470000, 0x4a830000, 0x53670000)
  eden space 24192K, 28% used [0x3e470000,0x3eb22c90,0x3fc10000)
  from space 512K, 96% used [0x4a6e0000,0x4a75c000,0x4a760000)
  to   space 832K, 0% used [0x4a760000,0x4a760000,0x4a830000)
 ParOldGen       total 146368K, used 144987K [0x14070000, 0x1cf60000, 0x3e470000)
  object space 146368K, 99% used [0x14070000,0x1ce06f70,0x1cf60000)
 PSPermGen       total 54016K, used 43660K [0x10070000, 0x13530000, 0x14070000)
  object space 54016K, 80% used [0x10070000,0x12b132e8,0x13530000)
GC Heap History (10 events):
Event: 1190.798 GC heap before
{Heap before GC invocations=1115 (full 14):
 PSYoungGen      total 27008K, used 27008K [0x3e470000, 0x4aa20000, 0x53670000)
  eden space 26560K, 100% used [0x3e470000,0x3fe60000,0x3fe60000)
  from space 448K, 100% used [0x4a9b0000,0x4aa20000,0x4aa20000)
  to   space 896K, 0% used [0x4a860000,0x4a860000,0x4a940000)
 ParOldGen       total 146368K, used 143974K [0x14070000, 0x1cf60000, 0x3e470000)
  object space 146368K, 98% used [0x14070000,0x1cd09b30,0x1cf60000)
 PSPermGen       total 54016K, used 43660K [0x10070000, 0x13530000, 0x14070000)
  object space 54016K, 80% used [0x10070000,0x12b13230,0x13530000)
Event: 1190.800 GC heap after
Heap after GC invocations=1115 (full 14):
 PSYoungGen      total 26496K, used 448K [0x3e470000, 0x4a9c0000, 0x53670000)
  eden space 26048K, 0% used [0x3e470000,0x3e470000,0x3fde0000)
  from space 448K, 100% used [0x4a860000,0x4a8d0000,0x4a8d0000)
  to   space 896K, 0% used [0x4a8e0000,0x4a8e0000,0x4a9c0000)
 ParOldGen       total 146368K, used 144286K [0x14070000, 0x1cf60000, 0x3e470000)
  object space 146368K, 98% used [0x14070000,0x1cd57978,0x1cf60000)
 PSPermGen       total 54016K, used 43660K [0x10070000, 0x13530000, 0x14070000)
  object space 54016K, 80% used [0x10070000,0x12b13230,0x13530000)
}
Event: 1191.783 GC heap before
{Heap before GC invocations=1116 (full 14):
 PSYoungGen      total 26496K, used 26494K [0x3e470000, 0x4a9c0000, 0x53670000)
  eden space 26048K, 99% used [0x3e470000,0x3fddf908,0x3fde0000)
  from space 448K, 100% used [0x4a860000,0x4a8d0000,0x4a8d0000)
  to   space 896K, 0% used [0x4a8e0000,0x4a8e0000,0x4a9c0000)
 ParOldGen       total 146368K, used 144286K [0x14070000, 0x1cf60000, 0x3e470000)
  object space 146368K, 98% used [0x14070000,0x1cd57978,0x1cf60000)
 PSPermGen       total 54016K, used 43660K [0x10070000, 0x13530000, 0x14070000)
  object space 54016K, 80% used [0x10070000,0x12b132e8,0x13530000)
Event: 1191.785 GC heap after
Heap after GC invocations=1116 (full 14):
 PSYoungGen      total 25984K, used 416K [0x3e470000, 0x4a950000, 0x53670000)
  eden space 25536K, 0% used [0x3e470000,0x3e470000,0x3fd60000)
  from space 448K, 92% used [0x4a8e0000,0x4a948000,0x4a950000)
  to   space 832K, 0% used [0x4a7b0000,0x4a7b0000,0x4a880000)
 ParOldGen       total 146368K, used 144428K [0x14070000, 0x1cf60000, 0x3e470000)
  object space 146368K, 98% used [0x14070000,0x1cd7b2a8,0x1cf60000)
 PSPermGen       total 54016K, used 43660K [0x10070000, 0x13530000, 0x14070000)
  object space 54016K, 80% used [0x10070000,0x12b132e8,0x13530000)
}
Event: 1192.013 GC heap before
{Heap before GC invocations=1117 (full 14):
 PSYoungGen      total 25984K, used 25952K [0x3e470000, 0x4a950000, 0x53670000)
  eden space 25536K, 100% used [0x3e470000,0x3fd60000,0x3fd60000)
  from space 448K, 92% used [0x4a8e0000,0x4a948000,0x4a950000)
  to   space 832K, 0% used [0x4a7b0000,0x4a7b0000,0x4a880000)
 ParOldGen       total 146368K, used 144428K [0x14070000, 0x1cf60000, 0x3e470000)
  object space 146368K, 98% used [0x14070000,0x1cd7b2a8,0x1cf60000)
 PSPermGen       total 54016K, used 43660K [0x10070000, 0x13530000, 0x14070000)
  object space 54016K, 80% used [0x10070000,0x12b132e8,0x13530000)
Event: 1192.015 GC heap after
Heap after GC invocations=1117 (full 14):
 PSYoungGen      total 25472K, used 368K [0x3e470000, 0x4a8f0000, 0x53670000)
  eden space 25088K, 0% used [0x3e470000,0x3e470000,0x3fcf0000)
  from space 384K, 95% used [0x4a7b0000,0x4a80c000,0x4a810000)
  to   space 832K, 0% used [0x4a820000,0x4a820000,0x4a8f0000)
 ParOldGen       total 146368K, used 144708K [0x14070000, 0x1cf60000, 0x3e470000)
  object space 146368K, 98% used [0x14070000,0x1cdc12e0,0x1cf60000)
 PSPermGen       total 54016K, used 43660K [0x10070000, 0x13530000, 0x14070000)
  object space 54016K, 80% used [0x10070000,0x12b132e8,0x13530000)
}
Event: 1192.946 GC heap before
{Heap before GC invocations=1118 (full 14):
 PSYoungGen      total 25472K, used 25456K [0x3e470000, 0x4a8f0000, 0x53670000)
  eden space 25088K, 100% used [0x3e470000,0x3fcf0000,0x3fcf0000)
  from space 384K, 95% used [0x4a7b0000,0x4a80c000,0x4a810000)
  to   space 832K, 0% used [0x4a820000,0x4a820000,0x4a8f0000)
 ParOldGen       total 146368K, used 144708K [0x14070000, 0x1cf60000, 0x3e470000)
  object space 146368K, 98% used [0x14070000,0x1cdc12e0,0x1cf60000)
 PSPermGen       total 54016K, used 43660K [0x10070000, 0x13530000, 0x14070000)
  object space 54016K, 80% used [0x10070000,0x12b132e8,0x13530000)
Event: 1192.948 GC heap after
Heap after GC invocations=1118 (full 14):
 PSYoungGen      total 25024K, used 336K [0x3e470000, 0x4a880000, 0x53670000)
  eden space 24640K, 0% used [0x3e470000,0x3e470000,0x3fc80000)
  from space 384K, 87% used [0x4a820000,0x4a874000,0x4a880000)
  to   space 832K, 0% used [0x4a6e0000,0x4a6e0000,0x4a7b0000)
 ParOldGen       total 146368K, used 144813K [0x14070000, 0x1cf60000, 0x3e470000)
  object space 146368K, 98% used [0x14070000,0x1cddb640,0x1cf60000)
 PSPermGen       total 54016K, used 43660K [0x10070000, 0x13530000, 0x14070000)
  object space 54016K, 80% used [0x10070000,0x12b132e8,0x13530000)
}
Event: 1193.193 GC heap before
{Heap before GC invocations=1119 (full 14):
 PSYoungGen      total 25024K, used 24976K [0x3e470000, 0x4a880000, 0x53670000)
  eden space 24640K, 100% used [0x3e470000,0x3fc80000,0x3fc80000)
  from space 384K, 87% used [0x4a820000,0x4a874000,0x4a880000)
  to   space 832K, 0% used [0x4a6e0000,0x4a6e0000,0x4a7b0000)
 ParOldGen       total 146368K, used 144813K [0x14070000, 0x1cf60000, 0x3e470000)
  object space 146368K, 98% used [0x14070000,0x1cddb640,0x1cf60000)
 PSPermGen       total 54016K, used 43660K [0x10070000, 0x13530000, 0x14070000)
  object space 54016K, 80% used [0x10070000,0x12b132e8,0x13530000)
Event: 1193.195 GC heap after
Heap after GC invocations=1119 (full 14):
 PSYoungGen      total 24704K, used 496K [0x3e470000, 0x4a830000, 0x53670000)
  eden space 24192K, 0% used [0x3e470000,0x3e470000,0x3fc10000)
  from space 512K, 96% used [0x4a6e0000,0x4a75c000,0x4a760000)
  to   space 832K, 0% used [0x4a760000,0x4a760000,0x4a830000)
 ParOldGen       total 146368K, used 144987K [0x14070000, 0x1cf60000, 0x3e470000)
  object space 146368K, 99% used [0x14070000,0x1ce06f70,0x1cf60000)
 PSPermGen       total 54016K, used 43660K [0x10070000, 0x13530000, 0x14070000)
  object space 54016K, 80% used [0x10070000,0x12b132e8,0x13530000)
}

